<?xml version="1.0" encoding="UTF-8"?>
<!-- Generated by org.testng.reporters.JUnitXMLReporter -->
<testsuite ignored="0" hostname="DESKTOP-532GCGK" failures="0" tests="1" name="GoogleSearch" time="24.405" errors="0" timestamp="2023-11-12T15:22:09 EET">
  <testcase classname="BaseTest" name="@BeforeClass SetUp" time="24.319">
    <failure type="org.openqa.selenium.SessionNotCreatedException" message="session not created: This version of ChromeDriver only supports Chrome version 114
Current browser version is 119.0.6045.124 with binary path C:\Program Files (x86)\Google\Chrome\Application\chrome.exe
Build info: version: &amp;apos;3.141.59&amp;apos;, revision: &amp;apos;e82be7d358&amp;apos;, time: &amp;apos;2018-11-14T08:17:03&amp;apos;
System info: host: &amp;apos;DESKTOP-532GCGK&amp;apos;, ip: &amp;apos;192.168.1.8&amp;apos;, os.name: &amp;apos;Windows 10&amp;apos;, os.arch: &amp;apos;amd64&amp;apos;, os.version: &amp;apos;10.0&amp;apos;, java.version: &amp;apos;19.0.1&amp;apos;
Driver info: driver.version: ChromeDriver
remote stacktrace: Backtrace:
	GetHandleVerifier [0x00B8A813+48355]
	(No symbol) [0x00B1C4B1]
	(No symbol) [0x00A25358]
	(No symbol) [0x00A461AC]
	(No symbol) [0x00A41EF3]
	(No symbol) [0x00A40579]
	(No symbol) [0x00A70C55]
	(No symbol) [0x00A7093C]
	(No symbol) [0x00A6A536]
	(No symbol) [0x00A482DC]
	(No symbol) [0x00A493DD]
	GetHandleVerifier [0x00DEAABD+2539405]
	GetHandleVerifier [0x00E2A78F+2800735]
	GetHandleVerifier [0x00E2456C+2775612]
	GetHandleVerifier [0x00C151E0+616112]
	(No symbol) [0x00B25F8C]
	(No symbol) [0x00B22328]
	(No symbol) [0x00B2240B]
	(No symbol) [0x00B14FF7]
	BaseThreadInitThunk [0x75C0FCC9+25]
	RtlGetAppContainerNamedObjectPath [0x76F37C6E+286]
	RtlGetAppContainerNamedObjectPath [0x76F37C3E+238]
">
      <![CDATA[org.openqa.selenium.SessionNotCreatedException: session not created: This version of ChromeDriver only supports Chrome version 114
Current browser version is 119.0.6045.124 with binary path C:\Program Files (x86)\Google\Chrome\Application\chrome.exe
Build info: version: '3.141.59', revision: 'e82be7d358', time: '2018-11-14T08:17:03'
System info: host: 'DESKTOP-532GCGK', ip: '192.168.1.8', os.name: 'Windows 10', os.arch: 'amd64', os.version: '10.0', java.version: '19.0.1'
Driver info: driver.version: ChromeDriver
remote stacktrace: Backtrace:
GetHandleVerifier [0x00B8A813+48355]
(No symbol) [0x00B1C4B1]
(No symbol) [0x00A25358]
(No symbol) [0x00A461AC]
(No symbol) [0x00A41EF3]
(No symbol) [0x00A40579]
(No symbol) [0x00A70C55]
(No symbol) [0x00A7093C]
(No symbol) [0x00A6A536]
(No symbol) [0x00A482DC]
(No symbol) [0x00A493DD]
GetHandleVerifier [0x00DEAABD+2539405]
GetHandleVerifier [0x00E2A78F+2800735]
GetHandleVerifier [0x00E2456C+2775612]
GetHandleVerifier [0x00C151E0+616112]
(No symbol) [0x00B25F8C]
(No symbol) [0x00B22328]
(No symbol) [0x00B2240B]
(No symbol) [0x00B14FF7]
BaseThreadInitThunk [0x75C0FCC9+25]
RtlGetAppContainerNamedObjectPath [0x76F37C6E+286]
RtlGetAppContainerNamedObjectPath [0x76F37C3E+238]

at org.openqa.selenium.remote.W3CHandshakeResponse.lambda$errorHandler$0(W3CHandshakeResponse.java:62)
at org.openqa.selenium.remote.HandshakeResponse.lambda$getResponseFunction$0(HandshakeResponse.java:30)
at org.openqa.selenium.remote.ProtocolHandshake.lambda$createSession$0(ProtocolHandshake.java:126)
at java.base/java.util.stream.ReferencePipeline$3$1.accept(ReferencePipeline.java:197)
at java.base/java.util.Spliterators$ArraySpliterator.tryAdvance(Spliterators.java:1016)
at java.base/java.util.stream.ReferencePipeline.forEachWithCancel(ReferencePipeline.java:129)
at java.base/java.util.stream.AbstractPipeline.copyIntoWithCancel(AbstractPipeline.java:527)
at java.base/java.util.stream.AbstractPipeline.copyInto(AbstractPipeline.java:513)
at java.base/java.util.stream.AbstractPipeline.wrapAndCopyInto(AbstractPipeline.java:499)
at java.base/java.util.stream.FindOps$FindOp.evaluateSequential(FindOps.java:150)
at java.base/java.util.stream.AbstractPipeline.evaluate(AbstractPipeline.java:234)
at java.base/java.util.stream.ReferencePipeline.findFirst(ReferencePipeline.java:647)
at org.openqa.selenium.remote.ProtocolHandshake.createSession(ProtocolHandshake.java:128)
at org.openqa.selenium.remote.ProtocolHandshake.createSession(ProtocolHandshake.java:74)
at org.openqa.selenium.remote.HttpCommandExecutor.execute(HttpCommandExecutor.java:136)
at org.openqa.selenium.remote.service.DriverCommandExecutor.execute(DriverCommandExecutor.java:83)
at org.openqa.selenium.remote.RemoteWebDriver.execute(RemoteWebDriver.java:552)
at org.openqa.selenium.remote.RemoteWebDriver.startSession(RemoteWebDriver.java:213)
at org.openqa.selenium.remote.RemoteWebDriver.<init>(RemoteWebDriver.java:131)
at org.openqa.selenium.chrome.ChromeDriver.<init>(ChromeDriver.java:181)
at org.openqa.selenium.chrome.ChromeDriver.<init>(ChromeDriver.java:168)
at org.openqa.selenium.chrome.ChromeDriver.<init>(ChromeDriver.java:123)
at BaseTest.SetUp(BaseTest.java:28)
at java.base/java.util.ArrayList.forEach(ArrayList.java:1511)
at com.intellij.rt.testng.IDEARemoteTestNG.run(IDEARemoteTestNG.java:66)
at com.intellij.rt.testng.RemoteTestNGStarter.main(RemoteTestNGStarter.java:109)
... Removed 23 stack frames]]>
    </failure>
  </testcase> <!-- @BeforeClass SetUp -->
  <testcase classname="BaseTest" name="@BeforeMethod goHome" time="0.0">
    <skipped/>
  </testcase> <!-- @BeforeMethod goHome -->
  <testcase classname="BaseTest" name="@AfterMethod recordFailure" time="0.0">
    <skipped/>
  </testcase> <!-- @AfterMethod recordFailure -->
  <testcase classname="BaseTest" name="@AfterClass TearDown" time="0.0">
    <skipped/>
  </testcase> <!-- @AfterClass TearDown -->
  <testcase classname="verifyGoogleLogoIsDisplayed" name="verifyLogo" time="0.001">
    <skipped/>
  </testcase> <!-- verifyLogo -->
</testsuite> <!-- GoogleSearch -->
